C51 COMPILER V9.54   EX_INIT                                                               03/10/2021 14:40:16 PAGE 1   


C51 COMPILER V9.54, COMPILATION OF MODULE EX_INIT
OBJECT MODULE PLACED IN EX_Init.obj
COMPILER INVOKED BY: C:\Keil_v5\C51\BIN\C51.EXE c\EX_Init.c COMPACT OMF2 OPTIMIZE(8,SIZE) BROWSE DEFINE(XUART_LOG,XMOTOR
                    -_PARAM_TEST,TIME2_ENABLE,XDC_INTERRUPT,VIB_TIME_ENABLE,FOUR_BUTTON,xLOWPOWER_DISABLEMOTOR) DEBUG PRINT(.\EX_Init.lst) TA
                    -BS(2) OBJECT(EX_Init.obj)

line level    source

   1          /*******************************************************************
   2          Copyright 
   3          File name: EX_Init.c
   4          Author:    Harry.Chen
   5          ID: 
   6          Version: 
   7          Date: 
   8          Description: 
   9          Others: 
  10          History: 
  11              1.  Date:
  12                Author: 
  13                ID:
  14                Modification:
  15              2.  Date:
  16                Author: 
  17                ID:
  18                Modification:
  19          *******************************************************************/
  20          #include "H/Function_Init.H"
  21          
  22          
  23          //UCHAR INT1_flag = 0x00;
  24          
  25          /**************************************************************************
  26          * @function name:     EX_Init
  27          * @Description:       External interrput register initialize
  28          * @param:     
  29          * @return:            NA
  30          * @Author:      
  31          * @Date:      
  32          ***************************************************************************/
  33          void EX_Init(void)
  34          { 
  35   1        #if 0
                //Config interrupt port, this has been completed by GPIO.Init
                P1CON &= 0X37;     //Interrupt IO port set to high resistance input
                P1PH  |= 0xC8;     //Interrupt IO port set to high resistance, pull up
                P2CON &= 0XFC;     //Interrupt IO port set to high resistance input
                P2PH  |= 0x03;     //Interrupt IO port set to high resistance, pull up
               #endif
  42   1        //Falling Edge Setting  
  43   1        INT0F = 0X01 ;    //xxxx 0000  0 Disable  1 Enable
  44   1      //  INT1F = 0X0C ;    //xxxx xxxx  0 Disable  1 Enable
  45   1      //  INT2F = 0X30 ;    //0000 xxxx  0 Disable  1 Enable
  46   1      
  47   1        //Rising edge setting 
  48   1        INT0R = 0X00 ;    //xxxx 0000  0 Disable  1 Enable
  49   1      //  INT1R = 0X00 ;    //xxxx xxxx  0 Disable  1 Enable
  50   1      //  INT2R = 0X30 ;    //0000 xxxx  0 Disable  1 Enable  
  51   1      
  52   1      #ifdef DC_INTERRUPT
                INT2F = 0X00 ;  
C51 COMPILER V9.54   EX_INIT                                                               03/10/2021 14:40:16 PAGE 2   

                INT2R = 0X10 ; 
              #endif
  56   1      
  57   1        
  58   1        //External interrupt priority setting
  59   1        IE  |= 0x01;  //0000 0x0x 
  60   1        IP  |= 0X01; 
  61   1      #ifdef DC_INTERRUPT
                IE1 |= 0x08;    //DC_IN_INT as a interrupt to wake up MCU
                IP1 |= 0X08;
              #else
  65   1        IE1 |= 0x00;  
  66   1        IP1 |= 0X00;
  67   1      #endif
  68   1      
  69   1        EA = 1;
  70   1      }
  71          
  72          /**************************************************************************
  73          * @function name:     EX0/1/2() interrupt 0/2/10
  74          * @Description:       External interrput
  75          * @param:     
  76          * @return:            NA
  77          * @Author:      
  78          * @Date:      
  79          ***************************************************************************/
  80          void EX0() interrupt  0
  81          {
  82   1         PowerButtonISRTrigged();
  83   1      }
  84          
  85          void EX1() interrupt  2
  86          {
  87   1        /*Add intrrupt logic*/
  88   1      }
  89          
  90          void EX2() interrupt  10
  91          {
  92   1      #ifdef DC_INTERRUPT
                if(IsChargeState()== TRUE)
                {
                  PCON &= 0X80;
                  DeviceApp_SetAppState(DEVICE_APP_STATE_Charge);
                  
                  return;
                }
              #endif
 101   1      }


MODULE INFORMATION:   STATIC OVERLAYABLE
   CODE SIZE        =     85    ----
   CONSTANT SIZE    =   ----    ----
   XDATA SIZE       =   ----    ----
   PDATA SIZE       =   ----    ----
   DATA SIZE        =   ----    ----
   IDATA SIZE       =   ----    ----
   BIT SIZE         =   ----    ----
   EDATA SIZE       =   ----    ----
   HDATA SIZE       =   ----    ----
   XDATA CONST SIZE =   ----    ----
   FAR CONST SIZE   =   ----    ----
C51 COMPILER V9.54   EX_INIT                                                               03/10/2021 14:40:16 PAGE 3   

END OF MODULE INFORMATION.


C51 COMPILATION COMPLETE.  0 WARNING(S),  0 ERROR(S)
