C51 COMPILER V9.54   IAP_INIT                                                              03/09/2021 16:40:56 PAGE 1   


C51 COMPILER V9.54, COMPILATION OF MODULE IAP_INIT
OBJECT MODULE PLACED IN IAP_Init.obj
COMPILER INVOKED BY: C:\Keil_v5\C51\BIN\C51.EXE c\IAP_Init.c COMPACT OMF2 OPTIMIZE(8,SIZE) BROWSE DEFINE(UART_LOG,XMOTOR
                    -_PARAM_TEST,TIME2_ENABLE,XDC_INTERRUPT,VIB_TIME_ENABLE,FOUR_BUTTON,xLOWPOWER_DISABLEMOTOR) DEBUG PRINT(.\IAP_Init.lst) T
                    -ABS(2) OBJECT(IAP_Init.obj)

line level    source

   1          #include "H/Function_Init.H"
   2          
   3          //#define IapROM  0x00    //0x00：选择ROM区操作  0x02：选择EEPROM区操作
   4          //#define IapEPPROM  0x02   //0x00：选择ROM区操作  0x02：选择EEPROM区操作
   5          UCHAR code *IapAddr = 0x00;
   6          
   7          //void IAPWrite(UINT Addr,UCHAR Value,UCHAR IAPArea);
   8          //UCHAR IAPRead(UINT Addr,UCHAR IAPArea);
   9          //UCHAR IapReadData = 0x00;   //存放读取的IAP数据
  10          
  11          ///*****************************************************
  12          //*函数名称：void IAP_Test(uchar Address,uchar IAPArea)
  13          //*函数功能：IAP测试
  14          //*入口参数：Address,IAPArea
  15          //*出口参数：void
  16          //*****************************************************/
  17          //void IAP_Test(UINT Address,UCHAR IAPArea)
  18          //{
  19          //  IAPWrite(Address,0xff,IAPArea);
  20          //  IapReadData = IAPRead(Address,IAPArea);
  21          //  IAPADE = 0x00;       //IAP指针指回ROM区
  22          //  while(1)
  23          //  {
  24          //    if(IapReadData == 0xff)
  25          //    {
  26          //      P20 = ~P20;
  27          //    }
  28          //    else
  29          //    {
  30          //      P21 = ~P21;
  31          //    }
  32          //  }
  33          //}
  34          
  35          /*****************************************************
  36          * @function name:     IAPWrite
  37          * @Description:       
  38          * @param:     UINT Addr,UCHAR Value,UCHAR IAPArea
  39          * @return:            NA  
  40          * @Author:      
  41          * @Date: 
  42          *****************************************************/
  43          //IAP写操作
  44          void IAPWrite(UINT Addr,UCHAR Value,UCHAR IAPArea)
  45          { 
  46   1        EA = 0;
  47   1        IAPDAT = Value;      //写入数据Data
  48   1        IAPADH = ((Addr>>8)&0X7F);   //写入地址的高5位
  49   1        IAPADL = Addr;               //写入地址的低8位
  50   1        
  51   1        IAPADE = IAPArea;  //IAPArea=0x00：选择ROM区操作  IAPArea=0x02：选择EEPROM区操作
  52   1        IAPKEY = 240;      //IAP开启保护控制时间
  53   1        IAPCTL = 0x06;     //CPU hold time为2ms，写入操作命令
C51 COMPILER V9.54   IAP_INIT                                                              03/09/2021 16:40:56 PAGE 2   

  54   1        _nop_();
  55   1        _nop_();
  56   1        _nop_();
  57   1        _nop_();
  58   1        _nop_();
  59   1        _nop_();
  60   1        _nop_();
  61   1        _nop_();
  62   1        IAPADE = 0x00;      //MOVC指向ROM
  63   1        EA = 1;
  64   1      }
  65          /*****************************************************
  66          * @function name:     IAPRead
  67          * @Description:       
  68          * @param:     UINT Addr,UCHAR IAPArea
  69          * @return:            ReadValue 
  70          * @Author:      
  71          * @Date:  
  72          *****************************************************/
  73          UCHAR IAPRead(UINT Addr,UCHAR IAPArea)
  74          {
  75   1        UCHAR ReadValue = 0x00;
  76   1        EA = 0;
  77   1        IAPADE = IAPArea;
  78   1        ReadValue = *(IapAddr+Addr); //读取的数据
  79   1        IAPADE = 0x00;               //MOVC指向ROM
  80   1        EA = 1;
  81   1        return ReadValue;
  82   1      }


MODULE INFORMATION:   STATIC OVERLAYABLE
   CODE SIZE        =     78    ----
   CONSTANT SIZE    =   ----    ----
   XDATA SIZE       =   ----    ----
   PDATA SIZE       =      2       2
   DATA SIZE        =   ----    ----
   IDATA SIZE       =   ----    ----
   BIT SIZE         =   ----    ----
   EDATA SIZE       =   ----    ----
   HDATA SIZE       =   ----    ----
   XDATA CONST SIZE =   ----    ----
   FAR CONST SIZE   =   ----    ----
END OF MODULE INFORMATION.


C51 COMPILATION COMPLETE.  0 WARNING(S),  0 ERROR(S)
