C51 COMPILER V9.54   MAIN                                                                  03/10/2021 14:40:16 PAGE 1   


C51 COMPILER V9.54, COMPILATION OF MODULE MAIN
OBJECT MODULE PLACED IN main.obj
COMPILER INVOKED BY: C:\Keil_v5\C51\BIN\C51.EXE c\main.c COMPACT OMF2 OPTIMIZE(8,SIZE) BROWSE DEFINE(XUART_LOG,XMOTOR_PA
                    -RAM_TEST,TIME2_ENABLE,XDC_INTERRUPT,VIB_TIME_ENABLE,FOUR_BUTTON,xLOWPOWER_DISABLEMOTOR) DEBUG PRINT(.\main.lst) TABS(2) 
                    -OBJECT(main.obj)

line level    source

   1          /*******************************************************************
   2          Copyright 
   3          File name: MAIN.c
   4          Author: Harry.Chen
   5          ID: 
   6          Version: DVT
   7          Date:  
   8          Description: 
   9          Others: 
  10          History: 
  11              1.  Date:
  12                Author: 
  13                ID:
  14                Modification:
  15              2.  Date:
  16                Author: 
  17                ID:
  18                Modification:
  19          *******************************************************************/
  20          #include "H/Function_Init.H"
  21          
  22          
  23          
  24          void main(void)
  25          {
  26   1        EX_Init();
  27   1        GPIO_Init();
  28   1        //Uart0_Init();
  29   1        Timer_Init();
  30   1        PWM_Init();
  31   1        //TimerUartSendString("Initial\r\n");
  32   1        while(1)
  33   1        { 
  34   2      #ifdef MOTOR_PARAM_TEST
                  /*UART TX test port*/
                  MotorParamTest();
              #else
  38   2      
  39   2          PowerButtonProc();
  40   2          HAL_BatteryMonitor();
  41   2          ButtonBoardsProc();
  42   2          DeviceAPP_ModusRun();
  43   2          DeviceAutoOff();
  44   2      //    IAP_Test();
  45   2      #endif
  46   2        }
  47   1      
  48   1      }


MODULE INFORMATION:   STATIC OVERLAYABLE
   CODE SIZE        =     29    ----
   CONSTANT SIZE    =   ----    ----
C51 COMPILER V9.54   MAIN                                                                  03/10/2021 14:40:16 PAGE 2   

   XDATA SIZE       =   ----    ----
   PDATA SIZE       =   ----    ----
   DATA SIZE        =   ----    ----
   IDATA SIZE       =   ----    ----
   BIT SIZE         =   ----    ----
   EDATA SIZE       =   ----    ----
   HDATA SIZE       =   ----    ----
   XDATA CONST SIZE =   ----    ----
   FAR CONST SIZE   =   ----    ----
END OF MODULE INFORMATION.


C51 COMPILATION COMPLETE.  0 WARNING(S),  0 ERROR(S)
